This file contains any messages produced by compilers while
running configure, to aid debugging if configure makes a mistake.

It was created by configure, which was
generated by GNU Autoconf 2.69.  Invocation command line was

  $ ./configure --enable-ssl

## --------- ##
## Platform. ##
## --------- ##

hostname = beast
uname -m = i686
uname -r = 5.6.5-64
uname -s = Linux
uname -v = #6 SMP Sun Apr 19 22:31:45 BST 2020

/usr/bin/uname -p = unknown
/bin/uname -X     = 

/bin/arch              = unknown
/usr/bin/arch -k       = unknown
/usr/convex/getsysinfo = unknown
/usr/bin/hostinfo      = unknown
/bin/machine           = unknown
/usr/bin/oslevel       = unknown
/bin/universe          = unknown

PATH: /usr/prebin
PATH: /usr/local/bin
PATH: /usr/bin
PATH: /usr/X11R7/bin
PATH: /bin
PATH: /usr/games/bin
PATH: .
PATH: /opt/Csound-6.05/bin
PATH: /opt/Drawing/bin
PATH: /opt/FLTK/bin
PATH: /opt/GTK/bin
PATH: /opt/LibreCAD/bin
PATH: /opt/Python-3.5.6/bin
PATH: /opt/Qt5/bin
PATH: /opt/SDL/bin
PATH: /opt/SDL2/bin
PATH: /opt/blender-2.79b/bin
PATH: /opt/boinc_client-7.14.2/bin
PATH: /opt/brlcad-7.26.4/bin
PATH: /opt/chess/bin
PATH: /opt/crosstools-ng/bin
PATH: /opt/games/bin
PATH: /opt/gdbm-1.18.1/bin
PATH: /opt/ghostscript-9.26/bin
PATH: /opt/gifprogs-5.1.2/bin
PATH: /opt/git-2.20.1/bin
PATH: /opt/graphviz-2.40.1/bin
PATH: /opt/jpegprogs-9c/bin
PATH: /opt/llvm-6.0.1/bin
PATH: /opt/lua-5.3.4/bin
PATH: /opt/luajid-2.0.4/bin
PATH: /opt/mingw32/bin
PATH: /opt/mono-5.20.1.27/bin
PATH: /opt/mozjs-24.2.0/bin
PATH: /opt/mujs-1.0.5/bin
PATH: /opt/netpbm-10.66.02/bin
PATH: /opt/opengl/bin
PATH: /opt/panda3d/bin
PATH: /opt/perl-5.24.1/bin
PATH: /opt/php-7.1.3/bin
PATH: /opt/pngprogs-1.6.30/bin
PATH: /opt/qemu-3.1.0_SDL/bin
PATH: /opt/ruby-2.5.2/bin
PATH: /opt/rust-1.36.0/bin
PATH: /opt/rust-1.44.1/bin
PATH: /opt/samba-4.8.1/bin
PATH: /opt/sound-studio/bin
PATH: /opt/squirrel-3.0/bin
PATH: /opt/tcl-8.6.9/bin
PATH: /opt/tiffprogs-4.0.8/bin
PATH: /opt/tinyscheme-1.41/bin
PATH: /opt/wine-5.5/bin
PATH: /opt/x86_64-unknown-linux-gnu/bin
PATH: /opt/xboinc_client-7.14.2/bin


## ----------- ##
## Core tests. ##
## ----------- ##

configure:1933: checking for gcc
configure:1949: found /usr/bin/gcc
configure:1960: result: gcc
configure:2189: checking for C compiler version
configure:2198: gcc --version >&5
gcc (GCC) 8.2.0
Copyright (C) 2018 Free Software Foundation, Inc.
This is free software; see the source for copying conditions.  There is NO
warranty; not even for MERCHANTABILITY or FITNESS FOR A PARTICULAR PURPOSE.

configure:2209: $? = 0
configure:2198: gcc -v >&5
Using built-in specs.
COLLECT_GCC=gcc
COLLECT_LTO_WRAPPER=/usr/libexec/gcc/i486-pc-linux-gnu/8.2.0/lto-wrapper
Target: i486-pc-linux-gnu
Configured with: ../gcc-8.2.0-src/configure --enable-languages=c,c++,go --disable-nls --disable-multilib --prefix=/usr --sysconfdir=/etc --includedir=/usr/include --localstatedir=/var --mandir=/usr/share/man --infodir=/usr/share/info --host=i486-pc-linux-gnu --build=i486-pc-linux-gnu --target=i486-pc-linux-gnu
Thread model: posix
gcc version 8.2.0 (GCC) 
configure:2209: $? = 0
configure:2198: gcc -V >&5
gcc: error: unrecognized command line option '-V'
gcc: fatal error: no input files
compilation terminated.
configure:2209: $? = 1
configure:2198: gcc -qversion >&5
gcc: error: unrecognized command line option '-qversion'; did you mean '--version'?
gcc: fatal error: no input files
compilation terminated.
configure:2209: $? = 1
configure:2229: checking whether the C compiler works
configure:2251: gcc    conftest.c  >&5
configure:2255: $? = 0
configure:2303: result: yes
configure:2306: checking for C compiler default output file name
configure:2308: result: a.out
configure:2314: checking for suffix of executables
configure:2321: gcc -o conftest    conftest.c  >&5
configure:2325: $? = 0
configure:2347: result: 
configure:2369: checking whether we are cross compiling
configure:2377: gcc -o conftest    conftest.c  >&5
configure:2381: $? = 0
configure:2388: ./conftest
configure:2392: $? = 0
configure:2407: result: no
configure:2412: checking for suffix of object files
configure:2434: gcc -c   conftest.c >&5
configure:2438: $? = 0
configure:2459: result: o
configure:2463: checking whether we are using the GNU C compiler
configure:2482: gcc -c   conftest.c >&5
configure:2482: $? = 0
configure:2491: result: yes
configure:2500: checking whether gcc accepts -g
configure:2520: gcc -c -g  conftest.c >&5
configure:2520: $? = 0
configure:2561: result: yes
configure:2578: checking for gcc option to accept ISO C89
configure:2641: gcc  -c -g -O2  conftest.c >&5
configure:2641: $? = 0
configure:2654: result: none needed
configure:2680: checking whether make sets $(MAKE)
configure:2702: result: yes
configure:2754: checking for a BSD-compatible install
configure:2822: result: /bin/install -c
configure:2839: checking how to run the C preprocessor
configure:2870: gcc -E  conftest.c
configure:2870: $? = 0
configure:2884: gcc -E  conftest.c
conftest.c:9:10: fatal error: ac_nonexistent.h: No such file or directory
 #include <ac_nonexistent.h>
          ^~~~~~~~~~~~~~~~~~
compilation terminated.
configure:2884: $? = 1
configure: failed program was:
| /* confdefs.h */
| #define PACKAGE_NAME ""
| #define PACKAGE_TARNAME ""
| #define PACKAGE_VERSION ""
| #define PACKAGE_STRING ""
| #define PACKAGE_BUGREPORT ""
| #define PACKAGE_URL ""
| /* end confdefs.h.  */
| #include <ac_nonexistent.h>
configure:2909: result: gcc -E
configure:2929: gcc -E  conftest.c
configure:2929: $? = 0
configure:2943: gcc -E  conftest.c
conftest.c:9:10: fatal error: ac_nonexistent.h: No such file or directory
 #include <ac_nonexistent.h>
          ^~~~~~~~~~~~~~~~~~
compilation terminated.
configure:2943: $? = 1
configure: failed program was:
| /* confdefs.h */
| #define PACKAGE_NAME ""
| #define PACKAGE_TARNAME ""
| #define PACKAGE_VERSION ""
| #define PACKAGE_STRING ""
| #define PACKAGE_BUGREPORT ""
| #define PACKAGE_URL ""
| /* end confdefs.h.  */
| #include <ac_nonexistent.h>
configure:2972: checking for grep that handles long lines and -e
configure:3030: result: /bin/grep
configure:3035: checking for egrep
configure:3097: result: /bin/grep -E
configure:3102: checking for ANSI C header files
configure:3122: gcc -c -g -O2  conftest.c >&5
configure:3122: $? = 0
configure:3195: gcc -o conftest -g -O2   conftest.c  >&5
configure:3195: $? = 0
configure:3195: ./conftest
configure:3195: $? = 0
configure:3206: result: yes
configure:3221: checking for special C compiler options needed for large files
configure:3266: result: no
configure:3272: checking for _FILE_OFFSET_BITS value needed for large files
configure:3297: gcc -c -g -O2  conftest.c >&5
conftest.c:15:33: warning: left shift count >= width of type [-Wshift-count-overflow]
 #define LARGE_OFF_T (((off_t) 1 << 62) - 1 + ((off_t) 1 << 62))
                                 ^~
conftest.c:16:23: note: in expansion of macro 'LARGE_OFF_T'
   int off_t_is_large[(LARGE_OFF_T % 2147483629 == 721
                       ^~~~~~~~~~~
conftest.c:15:57: warning: left shift count >= width of type [-Wshift-count-overflow]
 #define LARGE_OFF_T (((off_t) 1 << 62) - 1 + ((off_t) 1 << 62))
                                                         ^~
conftest.c:16:23: note: in expansion of macro 'LARGE_OFF_T'
   int off_t_is_large[(LARGE_OFF_T % 2147483629 == 721
                       ^~~~~~~~~~~
conftest.c:15:33: warning: left shift count >= width of type [-Wshift-count-overflow]
 #define LARGE_OFF_T (((off_t) 1 << 62) - 1 + ((off_t) 1 << 62))
                                 ^~
conftest.c:17:13: note: in expansion of macro 'LARGE_OFF_T'
          && LARGE_OFF_T % 2147483647 == 1)
             ^~~~~~~~~~~
conftest.c:15:57: warning: left shift count >= width of type [-Wshift-count-overflow]
 #define LARGE_OFF_T (((off_t) 1 << 62) - 1 + ((off_t) 1 << 62))
                                                         ^~
conftest.c:17:13: note: in expansion of macro 'LARGE_OFF_T'
          && LARGE_OFF_T % 2147483647 == 1)
             ^~~~~~~~~~~
conftest.c:16:7: error: variably modified 'off_t_is_large' at file scope
   int off_t_is_large[(LARGE_OFF_T % 2147483629 == 721
       ^~~~~~~~~~~~~~
configure:3297: $? = 1
configure: failed program was:
| /* confdefs.h */
| #define PACKAGE_NAME ""
| #define PACKAGE_TARNAME ""
| #define PACKAGE_VERSION ""
| #define PACKAGE_STRING ""
| #define PACKAGE_BUGREPORT ""
| #define PACKAGE_URL ""
| #define STDC_HEADERS 1
| /* end confdefs.h.  */
| #include <sys/types.h>
|  /* Check that off_t can represent 2**63 - 1 correctly.
|     We can't simply define LARGE_OFF_T to be 9223372036854775807,
|     since some C++ compilers masquerading as C compilers
|     incorrectly reject 9223372036854775807.  */
| #define LARGE_OFF_T (((off_t) 1 << 62) - 1 + ((off_t) 1 << 62))
|   int off_t_is_large[(LARGE_OFF_T % 2147483629 == 721
| 		       && LARGE_OFF_T % 2147483647 == 1)
| 		      ? 1 : -1];
| int
| main ()
| {
| 
|   ;
|   return 0;
| }
configure:3321: gcc -c -g -O2  conftest.c >&5
configure:3321: $? = 0
configure:3329: result: 64
configure:3672: checking for SSL_library_init in -lssl
configure:3697: gcc -o conftest -g -O2   conftest.c -lssl   >&5
configure:3697: $? = 0
configure:3706: result: yes
configure:3719: checking for EVP_CIPHER_CTX_init in -lcrypto
configure:3744: gcc -o conftest -g -O2   conftest.c -lcrypto  -lssl  >&5
configure:3744: $? = 0
configure:3753: result: yes
configure:3771: checking for deflate in -lz
configure:3796: gcc -o conftest -g -O2   conftest.c -lz  -lcrypto -lssl  >&5
configure:3796: $? = 0
configure:3805: result: yes
configure:3974: creating ./config.status

## ---------------------- ##
## Running config.status. ##
## ---------------------- ##

This file was extended by config.status, which was
generated by GNU Autoconf 2.69.  Invocation command line was

  CONFIG_FILES    = 
  CONFIG_HEADERS  = 
  CONFIG_LINKS    = 
  CONFIG_COMMANDS = 
  $ ./config.status 

on beast

config.status:730: creating Makefile
configure:5051: === configuring in libUseful-4 (/home/colum/work/mimeguard/libUseful-4)
configure:5114: running /bin/sh ./configure --disable-option-checking '--prefix=/usr/local'  '--enable-ssl' --cache-file=/dev/null --srcdir=.

## ---------------- ##
## Cache variables. ##
## ---------------- ##

ac_cv_c_compiler_gnu=yes
ac_cv_env_CC_set=
ac_cv_env_CC_value=
ac_cv_env_CFLAGS_set=
ac_cv_env_CFLAGS_value=
ac_cv_env_CPPFLAGS_set=
ac_cv_env_CPPFLAGS_value=
ac_cv_env_CPP_set=
ac_cv_env_CPP_value=
ac_cv_env_LDFLAGS_set=
ac_cv_env_LDFLAGS_value=
ac_cv_env_LIBS_set=
ac_cv_env_LIBS_value=
ac_cv_env_build_alias_set=
ac_cv_env_build_alias_value=
ac_cv_env_host_alias_set=
ac_cv_env_host_alias_value=
ac_cv_env_target_alias_set=
ac_cv_env_target_alias_value=
ac_cv_header_stdc=yes
ac_cv_lib_crypto_EVP_CIPHER_CTX_init=yes
ac_cv_lib_ssl_SSL_library_init=yes
ac_cv_lib_z_deflate=yes
ac_cv_objext=o
ac_cv_path_EGREP='/bin/grep -E'
ac_cv_path_GREP=/bin/grep
ac_cv_path_install='/bin/install -c'
ac_cv_prog_CPP='gcc -E'
ac_cv_prog_ac_ct_CC=gcc
ac_cv_prog_cc_c89=
ac_cv_prog_cc_g=yes
ac_cv_prog_make_make_set=yes
ac_cv_sys_file_offset_bits=64
ac_cv_sys_largefile_CC=no

## ----------------- ##
## Output variables. ##
## ----------------- ##

CC='gcc'
CFLAGS='-g -O2'
CPP='gcc -E'
CPPFLAGS=''
DEFS='-DPACKAGE_NAME=\"\" -DPACKAGE_TARNAME=\"\" -DPACKAGE_VERSION=\"\" -DPACKAGE_STRING=\"\" -DPACKAGE_BUGREPORT=\"\" -DPACKAGE_URL=\"\" -DSTDC_HEADERS=1 -D_FILE_OFFSET_BITS=64 -DHAVE_LIBSSL=1 -DHAVE_LIBCRYPTO=1 -DHAVE_LIBZ=1'
ECHO_C=''
ECHO_N='-n'
ECHO_T=''
EGREP='/bin/grep -E'
EXEEXT=''
GREP='/bin/grep'
INSTALL_DATA='${INSTALL} -m 644'
INSTALL_PROGRAM='${INSTALL}'
INSTALL_SCRIPT='${INSTALL}'
LDFLAGS=''
LIBOBJS=''
LIBS='-lz -lcrypto -lssl '
LTLIBOBJS=''
LU_STATIC='libUseful-4/libUseful.a'
OBJEXT='o'
PACKAGE_BUGREPORT=''
PACKAGE_NAME=''
PACKAGE_STRING=''
PACKAGE_TARNAME=''
PACKAGE_URL=''
PACKAGE_VERSION=''
PATH_SEPARATOR=':'
SET_MAKE=''
SHELL='/bin/sh'
VERSION='1.0'
ac_ct_CC='gcc'
bindir='${exec_prefix}/bin'
build_alias=''
datadir='${datarootdir}'
datarootdir='${prefix}/share'
docdir='${datarootdir}/doc/${PACKAGE}'
dvidir='${docdir}'
exec_prefix='${prefix}'
host_alias=''
htmldir='${docdir}'
includedir='${prefix}/include'
infodir='${datarootdir}/info'
libdir='${exec_prefix}/lib'
libexecdir='${exec_prefix}/libexec'
localedir='${datarootdir}/locale'
localstatedir='${prefix}/var'
mandir='${datarootdir}/man'
oldincludedir='/usr/include'
pdfdir='${docdir}'
prefix='/usr/local'
program_transform_name='s,x,x,'
psdir='${docdir}'
sbindir='${exec_prefix}/sbin'
sharedstatedir='${prefix}/com'
subdirs=' libUseful-4'
sysconfdir='${prefix}/etc'
target_alias=''

## ----------- ##
## confdefs.h. ##
## ----------- ##

/* confdefs.h */
#define PACKAGE_NAME ""
#define PACKAGE_TARNAME ""
#define PACKAGE_VERSION ""
#define PACKAGE_STRING ""
#define PACKAGE_BUGREPORT ""
#define PACKAGE_URL ""
#define STDC_HEADERS 1
#define _FILE_OFFSET_BITS 64
#define HAVE_LIBSSL 1
#define HAVE_LIBCRYPTO 1
#define HAVE_LIBZ 1

configure: exit 0
